

*******************************************************************************
Mon Aug 19 13:26:44 2024


FIT:    data read from "tab_ceph.txt"
        format = z
        #datapoints = 29
        residuals are weighted equally (unit weight)

function used for fitting: f(x)
	f(x)=a*log10(x)+b
fitted parameters initialized with current variable values

iter      chisq       delta/lim  lambda   a             b            
   0 1.2542573944e+03   0.00e+00  1.07e+00    1.000000e+00   1.000000e+00
   4 6.5506916130e-04  -9.23e-06  1.07e-04   -2.900086e+00  -1.205561e+00

After 4 iterations the fit converged.
final sum of squares of residuals : 0.000655069
rel. change during last iteration : -9.23145e-11

degrees of freedom    (FIT_NDF)                        : 27
rms of residuals      (FIT_STDFIT) = sqrt(WSSR/ndf)    : 0.00492563
variance of residuals (reduced chisquare) = WSSR/ndf   : 2.42618e-05

Final set of parameters            Asymptotic Standard Error
=======================            ==========================
a               = -2.90009         +/- 0.002606     (0.08984%)
b               = -1.20556         +/- 0.002968     (0.2462%)

correlation matrix of the fit parameters:
                a      b      
a               1.000 
b              -0.951  1.000 


*******************************************************************************
Mon Aug 19 16:02:21 2024


FIT:    data read from "tab_ceph.txt" u (log10($1)):2
        format = x:z
        #datapoints = 29
        residuals are weighted equally (unit weight)

function used for fitting: f(x)
	f(x)=a*log10(x)+b
fitted parameters initialized with current variable values

iter      chisq       delta/lim  lambda   a             b            
   0 2.9426477070e+02   0.00e+00  9.55e-01   -2.900086e+00  -1.205561e+00
   3 2.5513293604e+00  -9.65e-04  9.55e-04   -4.649659e+00  -4.360331e+00

After 3 iterations the fit converged.
final sum of squares of residuals : 2.55133
rel. change during last iteration : -9.6504e-09

degrees of freedom    (FIT_NDF)                        : 27
rms of residuals      (FIT_STDFIT) = sqrt(WSSR/ndf)    : 0.307398
variance of residuals (reduced chisquare) = WSSR/ndf   : 0.0944937

Final set of parameters            Asymptotic Standard Error
=======================            ==========================
a               = -4.64966         +/- 0.2725       (5.861%)
b               = -4.36033         +/- 0.05709      (1.309%)

correlation matrix of the fit parameters:
                a      b      
a               1.000 
b               0.012  1.000 


*******************************************************************************
Mon Aug 19 16:05:10 2024


FIT:    data read from "tab_ceph.txt" u (log10($1)):2
        format = x:z
        #datapoints = 29
        residuals are weighted equally (unit weight)

function used for fitting: f(x)
	f(x)=a*x+b
fitted parameters initialized with current variable values

iter      chisq       delta/lim  lambda   a             b            
   0 7.5078353412e+02   0.00e+00  4.85e+00   -4.649659e+00  -4.360331e+00
   4 6.5506916130e-04  -2.66e-05  4.85e-04   -2.900086e+00  -1.205561e+00

After 4 iterations the fit converged.
final sum of squares of residuals : 0.000655069
rel. change during last iteration : -2.65514e-10

degrees of freedom    (FIT_NDF)                        : 27
rms of residuals      (FIT_STDFIT) = sqrt(WSSR/ndf)    : 0.00492563
variance of residuals (reduced chisquare) = WSSR/ndf   : 2.42618e-05

Final set of parameters            Asymptotic Standard Error
=======================            ==========================
a               = -2.90009         +/- 0.002606     (0.08984%)
b               = -1.20556         +/- 0.002968     (0.2462%)

correlation matrix of the fit parameters:
                a      b      
a               1.000 
b              -0.951  1.000 


*******************************************************************************
Mon Aug 19 17:22:23 2024


FIT:    data read from "tab_ceph.txt" using (log10($1)):2
        format = x:z
        x range restricted to [-20.0000 : 20.0000]
        #datapoints = 29
        residuals are weighted equally (unit weight)

function used for fitting: f(x)
	f(x)=a*x+b
fitted parameters initialized with current variable values

iter      chisq       delta/lim  lambda   a             b            
   0 6.5506916130e-04   0.00e+00  2.49e+00   -2.900086e+00  -1.205561e+00
   1 6.5506916130e-04  -2.73e-09  2.49e-01   -2.900086e+00  -1.205561e+00

After 1 iterations the fit converged.
final sum of squares of residuals : 0.000655069
rel. change during last iteration : -2.73091e-14

degrees of freedom    (FIT_NDF)                        : 27
rms of residuals      (FIT_STDFIT) = sqrt(WSSR/ndf)    : 0.00492563
variance of residuals (reduced chisquare) = WSSR/ndf   : 2.42618e-05

Final set of parameters            Asymptotic Standard Error
=======================            ==========================
a               = -2.90009         +/- 0.002606     (0.08984%)
b               = -1.20556         +/- 0.002968     (0.2462%)

correlation matrix of the fit parameters:
                a      b      
a               1.000 
b              -0.951  1.000 
